<?xml version="1.0" encoding="UTF-8"?>
<!-- Generated by org.testng.reporters.JUnitReportReporter -->
<testsuite hostname="DESKTOP-9VRJEA8" failures="0" tests="1" name="FkTest.FKTravelTestClass" time="21.346" errors="0" timestamp="2022-08-25T15:29:25 IST" skipped="0">
  <testcase classname="FkTest.FKTravelTestClass" name="m1" time="21.346"/>
  <system-out/>
</testsuite> <!-- FkTest.FKTravelTestClass -->
